mode: atomic
github.com/redhat-appstudio/helmet/framework/app.go:37.40,39.2 1 2
github.com/redhat-appstudio/helmet/framework/app.go:42.27,44.2 1 2
github.com/redhat-appstudio/helmet/framework/app.go:48.36,50.17 2 10
github.com/redhat-appstudio/helmet/framework/app.go:50.17,52.3 1 9
github.com/redhat-appstudio/helmet/framework/app.go:54.2,65.62 3 10
github.com/redhat-appstudio/helmet/framework/app.go:65.62,66.22 1 0
github.com/redhat-appstudio/helmet/framework/app.go:66.22,70.4 2 0
github.com/redhat-appstudio/helmet/framework/app.go:71.3,71.20 1 0
github.com/redhat-appstudio/helmet/framework/app.go:74.2,80.16 3 10
github.com/redhat-appstudio/helmet/framework/app.go:80.16,82.3 1 0
github.com/redhat-appstudio/helmet/framework/app.go:85.2,91.23 3 10
github.com/redhat-appstudio/helmet/framework/app.go:91.23,93.3 1 10
github.com/redhat-appstudio/helmet/framework/app.go:96.2,96.22 1 10
github.com/redhat-appstudio/helmet/framework/app.go:96.22,99.3 1 1
github.com/redhat-appstudio/helmet/framework/app.go:102.2,148.27 2 9
github.com/redhat-appstudio/helmet/framework/app.go:148.27,150.3 1 54
github.com/redhat-appstudio/helmet/framework/app.go:151.2,151.12 1 9
github.com/redhat-appstudio/helmet/framework/app.go:164.17,171.27 2 10
github.com/redhat-appstudio/helmet/framework/app.go:171.27,173.3 1 11
github.com/redhat-appstudio/helmet/framework/app.go:176.2,178.43 2 10
github.com/redhat-appstudio/helmet/framework/app.go:178.43,180.3 1 1
github.com/redhat-appstudio/helmet/framework/app.go:182.2,182.17 1 9
github.com/redhat-appstudio/helmet/framework/app.go:202.17,205.16 2 2
github.com/redhat-appstudio/helmet/framework/app.go:205.16,207.3 1 1
github.com/redhat-appstudio/helmet/framework/app.go:210.2,217.37 4 1
github.com/redhat-appstudio/helmet/framework/app.go:223.53,225.2 1 4
github.com/redhat-appstudio/helmet/framework/options.go:14.64,15.22 1 6
github.com/redhat-appstudio/helmet/framework/options.go:15.22,17.3 1 6
github.com/redhat-appstudio/helmet/framework/options.go:21.40,22.22 1 15
github.com/redhat-appstudio/helmet/framework/options.go:22.22,24.3 1 14
github.com/redhat-appstudio/helmet/framework/options.go:28.67,29.22 1 3
github.com/redhat-appstudio/helmet/framework/options.go:29.22,31.3 1 3
github.com/redhat-appstudio/helmet/framework/options.go:35.50,36.22 1 5
github.com/redhat-appstudio/helmet/framework/options.go:36.22,38.3 1 5
github.com/redhat-appstudio/helmet/framework/tarfs.go:11.46,13.2 1 9
github.com/redhat-appstudio/helmet/framework/mcpserver/mcpserver.go:14.59,15.29 1 0
github.com/redhat-appstudio/helmet/framework/mcpserver/mcpserver.go:15.29,17.3 1 0
github.com/redhat-appstudio/helmet/framework/mcpserver/mcpserver.go:20.35,22.2 1 0
github.com/redhat-appstudio/helmet/framework/mcpserver/mcpserver.go:24.75,33.2 1 0
